mode: set
github.com/varunv/gpu/api/server.go:26.37,33.2 3 1
github.com/varunv/gpu/api/server.go:36.68,38.2 1 1
github.com/varunv/gpu/api/server.go:40.27,49.2 5 1
github.com/varunv/gpu/api/server.go:51.71,52.32 1 1
github.com/varunv/gpu/api/server.go:52.32,55.3 2 1
github.com/varunv/gpu/api/server.go:56.2,57.30 2 1
github.com/varunv/gpu/api/server.go:63.73,64.32 1 1
github.com/varunv/gpu/api/server.go:64.32,67.3 2 1
github.com/varunv/gpu/api/server.go:68.2,69.16 2 1
github.com/varunv/gpu/api/server.go:69.16,72.3 2 1
github.com/varunv/gpu/api/server.go:73.2,73.35 1 1
github.com/varunv/gpu/api/server.go:80.79,81.32 1 1
github.com/varunv/gpu/api/server.go:81.32,84.3 2 1
github.com/varunv/gpu/api/server.go:87.2,89.66 3 1
github.com/varunv/gpu/api/server.go:89.66,92.3 2 1
github.com/varunv/gpu/api/server.go:93.2,98.51 4 1
github.com/varunv/gpu/api/server.go:98.51,100.17 2 1
github.com/varunv/gpu/api/server.go:100.17,103.4 2 1
github.com/varunv/gpu/api/server.go:105.2,105.49 1 1
github.com/varunv/gpu/api/server.go:105.49,107.17 2 1
github.com/varunv/gpu/api/server.go:107.17,110.4 2 0
github.com/varunv/gpu/api/server.go:113.2,114.16 2 1
github.com/varunv/gpu/api/server.go:114.16,117.3 2 1
github.com/varunv/gpu/api/server.go:119.2,119.38 1 1
github.com/varunv/gpu/api/server.go:122.58,126.2 3 1
github.com/varunv/gpu/api/server.go:130.40,233.2 1 1
github.com/varunv/gpu/api/server.go:236.72,237.32 1 1
github.com/varunv/gpu/api/server.go:237.32,240.3 2 1
github.com/varunv/gpu/api/server.go:241.2,242.34 2 1
github.com/varunv/gpu/api/server.go:247.74,248.32 1 0
github.com/varunv/gpu/api/server.go:248.32,251.3 2 0
github.com/varunv/gpu/api/server.go:252.2,272.11 2 0
github.com/varunv/gpu/collector/collector.go:29.40,33.2 1 1
github.com/varunv/gpu/collector/collector.go:36.77,41.2 4 1
github.com/varunv/gpu/collector/collector.go:44.45,48.25 4 1
github.com/varunv/gpu/collector/collector.go:48.25,50.3 1 1
github.com/varunv/gpu/collector/collector.go:51.2,51.12 1 1
github.com/varunv/gpu/collector/collector.go:58.91,62.19 4 1
github.com/varunv/gpu/collector/collector.go:62.19,64.3 1 0
github.com/varunv/gpu/collector/collector.go:65.2,66.26 2 1
github.com/varunv/gpu/collector/collector.go:66.26,67.53 1 1
github.com/varunv/gpu/collector/collector.go:67.53,68.12 1 1
github.com/varunv/gpu/collector/collector.go:70.3,70.48 1 1
github.com/varunv/gpu/collector/collector.go:70.48,71.12 1 0
github.com/varunv/gpu/collector/collector.go:73.3,73.25 1 1
github.com/varunv/gpu/collector/collector.go:75.2,75.12 1 1
github.com/varunv/gpu/collector/collector.go:103.49,104.22 1 1
github.com/varunv/gpu/collector/collector.go:104.22,106.3 1 0
github.com/varunv/gpu/collector/collector.go:107.2,107.22 1 1
github.com/varunv/gpu/collector/collector.go:107.22,109.3 1 0
github.com/varunv/gpu/collector/collector.go:110.2,111.18 2 1
github.com/varunv/gpu/collector/collector.go:111.18,113.3 1 0
github.com/varunv/gpu/collector/collector.go:115.2,122.31 6 1
github.com/varunv/gpu/collector/collector.go:122.31,123.13 1 1
github.com/varunv/gpu/collector/collector.go:123.13,125.63 2 1
github.com/varunv/gpu/collector/collector.go:125.63,127.28 1 1
github.com/varunv/gpu/collector/collector.go:127.28,129.6 1 1
github.com/varunv/gpu/collector/collector.go:130.5,130.12 1 1
github.com/varunv/gpu/collector/collector.go:131.23,132.14 1 1
github.com/varunv/gpu/collector/collector.go:133.13,133.13 0 0
github.com/varunv/gpu/collector/collector.go:139.2,143.25 3 1
github.com/varunv/gpu/collector/collector.go:143.25,144.17 1 1
github.com/varunv/gpu/collector/collector.go:144.17,146.4 1 1
github.com/varunv/gpu/collector/collector.go:148.2,148.12 1 1
github.com/varunv/gpu/collector/collector.go:151.68,152.6 1 1
github.com/varunv/gpu/collector/collector.go:152.6,153.10 1 1
github.com/varunv/gpu/collector/collector.go:154.21,155.20 1 0
github.com/varunv/gpu/collector/collector.go:156.11,156.11 0 1
github.com/varunv/gpu/collector/collector.go:159.3,160.17 2 1
github.com/varunv/gpu/collector/collector.go:160.17,162.4 1 1
github.com/varunv/gpu/collector/collector.go:164.3,165.59 2 1
github.com/varunv/gpu/collector/collector.go:165.59,167.12 1 0
github.com/varunv/gpu/collector/collector.go:170.3,170.46 1 1
github.com/varunv/gpu/collector/collector.go:170.46,172.4 1 1
github.com/varunv/gpu/collector/collector.go:178.3,178.52 1 1
github.com/varunv/gpu/collector/collector.go:178.52,179.46 1 1
github.com/varunv/gpu/collector/collector.go:179.46,181.5 1 0
github.com/varunv/gpu/collector/postgres_store.go:39.50,41.2 1 1
github.com/varunv/gpu/collector/postgres_store.go:44.79,51.28 2 1
github.com/varunv/gpu/collector/postgres_store.go:51.28,53.3 1 0
github.com/varunv/gpu/collector/postgres_store.go:54.2,68.16 2 1
github.com/varunv/gpu/collector/postgres_store.go:68.16,70.3 1 0
github.com/varunv/gpu/collector/postgres_store.go:71.2,71.12 1 1
github.com/varunv/gpu/collector/postgres_store.go:75.65,81.16 3 1
github.com/varunv/gpu/collector/postgres_store.go:81.16,83.3 1 0
github.com/varunv/gpu/collector/postgres_store.go:84.2,87.18 3 1
github.com/varunv/gpu/collector/postgres_store.go:87.18,89.78 2 1
github.com/varunv/gpu/collector/postgres_store.go:89.78,91.4 1 0
github.com/varunv/gpu/collector/postgres_store.go:92.3,92.30 1 1
github.com/varunv/gpu/collector/postgres_store.go:94.2,94.35 1 1
github.com/varunv/gpu/collector/postgres_store.go:94.35,96.3 1 0
github.com/varunv/gpu/collector/postgres_store.go:97.2,97.19 1 1
github.com/varunv/gpu/collector/postgres_store.go:102.99,113.21 4 1
github.com/varunv/gpu/collector/postgres_store.go:113.21,117.3 3 0
github.com/varunv/gpu/collector/postgres_store.go:118.2,118.19 1 1
github.com/varunv/gpu/collector/postgres_store.go:118.19,122.3 3 0
github.com/varunv/gpu/collector/postgres_store.go:124.2,127.16 3 1
github.com/varunv/gpu/collector/postgres_store.go:127.16,129.3 1 0
github.com/varunv/gpu/collector/postgres_store.go:130.2,133.18 3 1
github.com/varunv/gpu/collector/postgres_store.go:133.18,148.17 2 1
github.com/varunv/gpu/collector/postgres_store.go:148.17,150.4 1 0
github.com/varunv/gpu/collector/postgres_store.go:151.3,151.25 1 1
github.com/varunv/gpu/collector/postgres_store.go:153.2,153.35 1 1
github.com/varunv/gpu/collector/postgres_store.go:153.35,155.3 1 0
github.com/varunv/gpu/collector/postgres_store.go:156.2,156.17 1 1
github.com/varunv/gpu/mq/http_queue.go:23.46,28.2 1 1
github.com/varunv/gpu/mq/http_queue.go:39.69,47.16 3 1
github.com/varunv/gpu/mq/http_queue.go:47.16,49.3 1 0
github.com/varunv/gpu/mq/http_queue.go:51.2,52.16 2 1
github.com/varunv/gpu/mq/http_queue.go:52.16,54.3 1 0
github.com/varunv/gpu/mq/http_queue.go:55.2,58.16 3 1
github.com/varunv/gpu/mq/http_queue.go:58.16,60.3 1 0
github.com/varunv/gpu/mq/http_queue.go:61.2,63.40 2 1
github.com/varunv/gpu/mq/http_queue.go:63.40,65.3 1 0
github.com/varunv/gpu/mq/http_queue.go:66.2,66.30 1 1
github.com/varunv/gpu/mq/http_queue.go:66.30,68.3 1 1
github.com/varunv/gpu/mq/http_queue.go:69.2,69.12 1 1
github.com/varunv/gpu/mq/http_queue.go:73.67,75.16 2 1
github.com/varunv/gpu/mq/http_queue.go:75.16,77.3 1 0
github.com/varunv/gpu/mq/http_queue.go:79.2,80.16 2 1
github.com/varunv/gpu/mq/http_queue.go:80.16,82.3 1 0
github.com/varunv/gpu/mq/http_queue.go:83.2,85.40 2 1
github.com/varunv/gpu/mq/http_queue.go:85.40,87.3 1 1
github.com/varunv/gpu/mq/http_queue.go:88.2,88.30 1 1
github.com/varunv/gpu/mq/http_queue.go:88.30,90.3 1 0
github.com/varunv/gpu/mq/http_queue.go:92.2,93.63 2 1
github.com/varunv/gpu/mq/http_queue.go:93.63,95.3 1 1
github.com/varunv/gpu/mq/http_queue.go:97.2,98.23 2 1
github.com/varunv/gpu/mq/http_queue.go:98.23,99.71 1 0
github.com/varunv/gpu/mq/http_queue.go:99.71,101.4 1 0
github.com/varunv/gpu/mq/http_queue.go:104.2,110.8 1 1
github.com/varunv/gpu/mq/http_queue.go:115.30,115.31 0 1
github.com/varunv/gpu/mq/http_queue.go:121.63,122.14 1 1
github.com/varunv/gpu/mq/http_queue.go:122.14,124.3 1 0
github.com/varunv/gpu/mq/http_queue.go:126.2,127.16 2 1
github.com/varunv/gpu/mq/http_queue.go:127.16,129.3 1 0
github.com/varunv/gpu/mq/http_queue.go:131.2,132.16 2 1
github.com/varunv/gpu/mq/http_queue.go:132.16,134.3 1 0
github.com/varunv/gpu/mq/http_queue.go:135.2,138.16 3 1
github.com/varunv/gpu/mq/http_queue.go:138.16,140.3 1 0
github.com/varunv/gpu/mq/http_queue.go:141.2,143.40 2 1
github.com/varunv/gpu/mq/http_queue.go:143.40,145.3 1 1
github.com/varunv/gpu/mq/http_queue.go:146.2,146.30 1 1
github.com/varunv/gpu/mq/http_queue.go:146.30,148.3 1 0
github.com/varunv/gpu/mq/http_queue.go:150.2,150.12 1 1
github.com/varunv/gpu/mq/queue.go:85.52,86.19 1 1
github.com/varunv/gpu/mq/queue.go:86.19,88.3 1 0
github.com/varunv/gpu/mq/queue.go:89.2,94.10 3 1
github.com/varunv/gpu/mq/queue.go:98.73,102.14 3 1
github.com/varunv/gpu/mq/queue.go:102.14,104.3 1 1
github.com/varunv/gpu/mq/queue.go:107.2,107.44 1 1
github.com/varunv/gpu/mq/queue.go:107.44,108.48 1 1
github.com/varunv/gpu/mq/queue.go:108.48,110.4 1 1
github.com/varunv/gpu/mq/queue.go:113.2,113.14 1 1
github.com/varunv/gpu/mq/queue.go:113.14,115.3 1 0
github.com/varunv/gpu/mq/queue.go:117.2,117.27 1 1
github.com/varunv/gpu/mq/queue.go:117.27,119.3 1 1
github.com/varunv/gpu/mq/queue.go:121.2,124.12 3 1
github.com/varunv/gpu/mq/queue.go:128.71,132.35 3 1
github.com/varunv/gpu/mq/queue.go:132.35,133.48 1 1
github.com/varunv/gpu/mq/queue.go:133.48,135.4 1 1
github.com/varunv/gpu/mq/queue.go:138.2,138.33 1 1
github.com/varunv/gpu/mq/queue.go:138.33,140.3 1 1
github.com/varunv/gpu/mq/queue.go:142.2,150.17 5 1
github.com/varunv/gpu/mq/queue.go:154.33,157.14 3 1
github.com/varunv/gpu/mq/queue.go:157.14,159.3 1 0
github.com/varunv/gpu/mq/queue.go:160.2,161.24 2 1
github.com/varunv/gpu/mq/queue.go:166.68,167.22 1 1
github.com/varunv/gpu/mq/queue.go:167.22,169.3 1 1
github.com/varunv/gpu/mq/queue.go:171.2,172.12 2 1
github.com/varunv/gpu/mq/queue.go:172.12,175.3 2 1
github.com/varunv/gpu/mq/queue.go:177.2,177.9 1 1
github.com/varunv/gpu/mq/queue.go:178.20,182.19 3 0
github.com/varunv/gpu/mq/queue.go:183.14,184.13 1 1
github.com/varunv/gpu/streamer/streamer.go:63.49,64.22 1 1
github.com/varunv/gpu/streamer/streamer.go:64.22,66.3 1 1
github.com/varunv/gpu/streamer/streamer.go:67.2,67.23 1 1
github.com/varunv/gpu/streamer/streamer.go:67.23,69.3 1 1
github.com/varunv/gpu/streamer/streamer.go:71.2,72.16 2 1
github.com/varunv/gpu/streamer/streamer.go:72.16,74.3 1 0
github.com/varunv/gpu/streamer/streamer.go:75.2,77.24 2 1
github.com/varunv/gpu/streamer/streamer.go:77.24,79.3 1 1
github.com/varunv/gpu/streamer/streamer.go:80.2,80.84 1 1
github.com/varunv/gpu/streamer/streamer.go:80.84,82.3 1 1
github.com/varunv/gpu/streamer/streamer.go:84.2,86.41 2 1
github.com/varunv/gpu/streamer/streamer.go:86.41,88.3 1 0
github.com/varunv/gpu/streamer/streamer.go:90.2,90.6 1 1
github.com/varunv/gpu/streamer/streamer.go:90.6,91.10 1 1
github.com/varunv/gpu/streamer/streamer.go:92.21,93.20 1 1
github.com/varunv/gpu/streamer/streamer.go:94.11,94.11 0 1
github.com/varunv/gpu/streamer/streamer.go:97.3,98.20 2 1
github.com/varunv/gpu/streamer/streamer.go:98.20,99.17 1 1
github.com/varunv/gpu/streamer/streamer.go:99.17,101.5 1 1
github.com/varunv/gpu/streamer/streamer.go:103.4,103.48 1 1
github.com/varunv/gpu/streamer/streamer.go:103.48,105.5 1 0
github.com/varunv/gpu/streamer/streamer.go:106.4,106.12 1 1
github.com/varunv/gpu/streamer/streamer.go:108.3,108.17 1 1
github.com/varunv/gpu/streamer/streamer.go:108.17,110.4 1 0
github.com/varunv/gpu/streamer/streamer.go:113.3,113.23 1 1
github.com/varunv/gpu/streamer/streamer.go:113.23,115.12 1 1
github.com/varunv/gpu/streamer/streamer.go:118.3,136.81 3 1
github.com/varunv/gpu/streamer/streamer.go:136.81,138.12 1 1
github.com/varunv/gpu/streamer/streamer.go:141.3,142.17 2 1
github.com/varunv/gpu/streamer/streamer.go:142.17,144.12 1 0
github.com/varunv/gpu/streamer/streamer.go:147.3,159.53 2 1
github.com/varunv/gpu/streamer/streamer.go:159.53,162.4 1 1
github.com/varunv/gpu/streamer/streamer.go:164.3,164.34 1 1
github.com/varunv/gpu/streamer/streamer.go:164.34,165.11 1 0
github.com/varunv/gpu/streamer/streamer.go:166.22,167.21 1 0
github.com/varunv/gpu/streamer/streamer.go:168.47,168.47 0 0
github.com/varunv/gpu/streamer/streamer.go:174.44,178.2 3 1
github.com/varunv/gpu/streamer/streamer.go:182.55,183.51 1 1
github.com/varunv/gpu/streamer/streamer.go:183.51,185.3 1 0
github.com/varunv/gpu/streamer/streamer.go:186.2,187.36 2 1
github.com/varunv/gpu/streamer/streamer.go:187.36,189.3 1 0
github.com/varunv/gpu/streamer/streamer.go:190.2,191.12 2 1
github.com/varunv/gpu/streamer/streamer.go:199.64,200.21 1 1
github.com/varunv/gpu/streamer/streamer.go:200.21,202.3 1 0
github.com/varunv/gpu/streamer/streamer.go:203.2,205.56 3 1
