mode: set
github.com/varunv/gpu/streamer/streamer.go:63.49,64.22 1 1
github.com/varunv/gpu/streamer/streamer.go:64.22,66.3 1 0
github.com/varunv/gpu/streamer/streamer.go:67.2,67.23 1 1
github.com/varunv/gpu/streamer/streamer.go:67.23,69.3 1 0
github.com/varunv/gpu/streamer/streamer.go:71.2,72.16 2 1
github.com/varunv/gpu/streamer/streamer.go:72.16,74.3 1 0
github.com/varunv/gpu/streamer/streamer.go:75.2,77.24 2 1
github.com/varunv/gpu/streamer/streamer.go:77.24,79.3 1 0
github.com/varunv/gpu/streamer/streamer.go:80.2,80.84 1 1
github.com/varunv/gpu/streamer/streamer.go:80.84,82.3 1 0
github.com/varunv/gpu/streamer/streamer.go:84.2,86.41 2 1
github.com/varunv/gpu/streamer/streamer.go:86.41,88.3 1 0
github.com/varunv/gpu/streamer/streamer.go:90.2,90.6 1 1
github.com/varunv/gpu/streamer/streamer.go:90.6,91.10 1 1
github.com/varunv/gpu/streamer/streamer.go:92.21,93.20 1 1
github.com/varunv/gpu/streamer/streamer.go:94.11,94.11 0 1
github.com/varunv/gpu/streamer/streamer.go:97.3,98.20 2 1
github.com/varunv/gpu/streamer/streamer.go:98.20,99.17 1 1
github.com/varunv/gpu/streamer/streamer.go:99.17,101.5 1 1
github.com/varunv/gpu/streamer/streamer.go:103.4,103.48 1 0
github.com/varunv/gpu/streamer/streamer.go:103.48,105.5 1 0
github.com/varunv/gpu/streamer/streamer.go:106.4,106.12 1 0
github.com/varunv/gpu/streamer/streamer.go:108.3,108.17 1 1
github.com/varunv/gpu/streamer/streamer.go:108.17,110.4 1 0
github.com/varunv/gpu/streamer/streamer.go:113.3,113.23 1 1
github.com/varunv/gpu/streamer/streamer.go:113.23,115.12 1 0
github.com/varunv/gpu/streamer/streamer.go:118.3,136.81 3 1
github.com/varunv/gpu/streamer/streamer.go:136.81,138.12 1 1
github.com/varunv/gpu/streamer/streamer.go:141.3,142.17 2 1
github.com/varunv/gpu/streamer/streamer.go:142.17,144.12 1 0
github.com/varunv/gpu/streamer/streamer.go:147.3,159.53 2 1
github.com/varunv/gpu/streamer/streamer.go:159.53,162.4 1 1
github.com/varunv/gpu/streamer/streamer.go:164.3,164.34 1 1
github.com/varunv/gpu/streamer/streamer.go:164.34,165.11 1 0
github.com/varunv/gpu/streamer/streamer.go:166.22,167.21 1 0
github.com/varunv/gpu/streamer/streamer.go:168.47,168.47 0 0
github.com/varunv/gpu/streamer/streamer.go:174.44,178.2 3 1
github.com/varunv/gpu/streamer/streamer.go:182.55,183.51 1 1
github.com/varunv/gpu/streamer/streamer.go:183.51,185.3 1 0
github.com/varunv/gpu/streamer/streamer.go:186.2,187.36 2 1
github.com/varunv/gpu/streamer/streamer.go:187.36,189.3 1 0
github.com/varunv/gpu/streamer/streamer.go:190.2,191.12 2 1
github.com/varunv/gpu/streamer/streamer.go:199.64,200.21 1 1
github.com/varunv/gpu/streamer/streamer.go:200.21,202.3 1 0
github.com/varunv/gpu/streamer/streamer.go:203.2,205.56 3 1
github.com/varunv/gpu/mq/http_queue.go:23.46,28.2 1 1
github.com/varunv/gpu/mq/http_queue.go:39.69,47.16 3 1
github.com/varunv/gpu/mq/http_queue.go:47.16,49.3 1 0
github.com/varunv/gpu/mq/http_queue.go:51.2,52.16 2 1
github.com/varunv/gpu/mq/http_queue.go:52.16,54.3 1 0
github.com/varunv/gpu/mq/http_queue.go:55.2,58.16 3 1
github.com/varunv/gpu/mq/http_queue.go:58.16,60.3 1 0
github.com/varunv/gpu/mq/http_queue.go:61.2,63.40 2 1
github.com/varunv/gpu/mq/http_queue.go:63.40,65.3 1 0
github.com/varunv/gpu/mq/http_queue.go:66.2,66.30 1 1
github.com/varunv/gpu/mq/http_queue.go:66.30,68.3 1 1
github.com/varunv/gpu/mq/http_queue.go:69.2,69.12 1 1
github.com/varunv/gpu/mq/http_queue.go:73.67,75.16 2 1
github.com/varunv/gpu/mq/http_queue.go:75.16,77.3 1 0
github.com/varunv/gpu/mq/http_queue.go:79.2,80.16 2 1
github.com/varunv/gpu/mq/http_queue.go:80.16,82.3 1 0
github.com/varunv/gpu/mq/http_queue.go:83.2,85.40 2 1
github.com/varunv/gpu/mq/http_queue.go:85.40,87.3 1 1
github.com/varunv/gpu/mq/http_queue.go:88.2,88.30 1 1
github.com/varunv/gpu/mq/http_queue.go:88.30,90.3 1 0
github.com/varunv/gpu/mq/http_queue.go:92.2,93.63 2 1
github.com/varunv/gpu/mq/http_queue.go:93.63,95.3 1 0
github.com/varunv/gpu/mq/http_queue.go:97.2,98.23 2 1
github.com/varunv/gpu/mq/http_queue.go:98.23,99.71 1 0
github.com/varunv/gpu/mq/http_queue.go:99.71,101.4 1 0
github.com/varunv/gpu/mq/http_queue.go:104.2,110.8 1 1
github.com/varunv/gpu/mq/http_queue.go:115.30,115.31 0 1
github.com/varunv/gpu/mq/queue.go:68.52,69.19 1 1
github.com/varunv/gpu/mq/queue.go:69.19,71.3 1 0
github.com/varunv/gpu/mq/queue.go:72.2,77.10 3 1
github.com/varunv/gpu/mq/queue.go:81.73,85.14 3 1
github.com/varunv/gpu/mq/queue.go:85.14,87.3 1 1
github.com/varunv/gpu/mq/queue.go:90.2,90.44 1 1
github.com/varunv/gpu/mq/queue.go:90.44,91.48 1 1
github.com/varunv/gpu/mq/queue.go:91.48,93.4 1 1
github.com/varunv/gpu/mq/queue.go:96.2,96.14 1 1
github.com/varunv/gpu/mq/queue.go:96.14,98.3 1 0
github.com/varunv/gpu/mq/queue.go:100.2,100.27 1 1
github.com/varunv/gpu/mq/queue.go:100.27,102.3 1 1
github.com/varunv/gpu/mq/queue.go:104.2,107.12 3 1
github.com/varunv/gpu/mq/queue.go:111.71,115.35 3 1
github.com/varunv/gpu/mq/queue.go:115.35,116.48 1 1
github.com/varunv/gpu/mq/queue.go:116.48,118.4 1 1
github.com/varunv/gpu/mq/queue.go:121.2,121.33 1 1
github.com/varunv/gpu/mq/queue.go:121.33,123.3 1 1
github.com/varunv/gpu/mq/queue.go:125.2,133.17 5 1
github.com/varunv/gpu/mq/queue.go:137.33,140.14 3 1
github.com/varunv/gpu/mq/queue.go:140.14,142.3 1 0
github.com/varunv/gpu/mq/queue.go:143.2,144.24 2 1
github.com/varunv/gpu/mq/queue.go:149.68,150.22 1 1
github.com/varunv/gpu/mq/queue.go:150.22,152.3 1 1
github.com/varunv/gpu/mq/queue.go:154.2,155.12 2 1
github.com/varunv/gpu/mq/queue.go:155.12,158.3 2 1
github.com/varunv/gpu/mq/queue.go:160.2,160.9 1 1
github.com/varunv/gpu/mq/queue.go:161.20,165.19 3 0
github.com/varunv/gpu/mq/queue.go:166.14,167.13 1 1
github.com/varunv/gpu/api/server.go:26.37,33.2 3 1
github.com/varunv/gpu/api/server.go:36.68,38.2 1 1
github.com/varunv/gpu/api/server.go:40.27,47.2 4 1
github.com/varunv/gpu/api/server.go:49.71,50.32 1 1
github.com/varunv/gpu/api/server.go:50.32,53.3 2 1
github.com/varunv/gpu/api/server.go:54.2,55.30 2 1
github.com/varunv/gpu/api/server.go:61.73,62.32 1 1
github.com/varunv/gpu/api/server.go:62.32,65.3 2 1
github.com/varunv/gpu/api/server.go:66.2,67.16 2 1
github.com/varunv/gpu/api/server.go:67.16,70.3 2 1
github.com/varunv/gpu/api/server.go:71.2,71.35 1 1
github.com/varunv/gpu/api/server.go:77.79,78.32 1 1
github.com/varunv/gpu/api/server.go:78.32,81.3 2 1
github.com/varunv/gpu/api/server.go:84.2,86.66 3 1
github.com/varunv/gpu/api/server.go:86.66,89.3 2 1
github.com/varunv/gpu/api/server.go:90.2,95.51 4 1
github.com/varunv/gpu/api/server.go:95.51,97.17 2 1
github.com/varunv/gpu/api/server.go:97.17,100.4 2 1
github.com/varunv/gpu/api/server.go:102.2,102.49 1 1
github.com/varunv/gpu/api/server.go:102.49,104.17 2 1
github.com/varunv/gpu/api/server.go:104.17,107.4 2 0
github.com/varunv/gpu/api/server.go:110.2,111.16 2 1
github.com/varunv/gpu/api/server.go:111.16,114.3 2 1
github.com/varunv/gpu/api/server.go:116.2,116.38 1 1
github.com/varunv/gpu/api/server.go:119.58,123.2 3 1
github.com/varunv/gpu/api/server.go:127.40,220.2 1 1
github.com/varunv/gpu/api/server.go:223.72,224.32 1 1
github.com/varunv/gpu/api/server.go:224.32,227.3 2 1
github.com/varunv/gpu/api/server.go:228.2,229.34 2 1
github.com/varunv/gpu/collector/collector.go:29.40,33.2 1 1
github.com/varunv/gpu/collector/collector.go:36.77,41.2 4 1
github.com/varunv/gpu/collector/collector.go:44.45,48.25 4 1
github.com/varunv/gpu/collector/collector.go:48.25,50.3 1 1
github.com/varunv/gpu/collector/collector.go:51.2,51.12 1 1
github.com/varunv/gpu/collector/collector.go:58.91,62.19 4 1
github.com/varunv/gpu/collector/collector.go:62.19,64.3 1 0
github.com/varunv/gpu/collector/collector.go:65.2,66.26 2 1
github.com/varunv/gpu/collector/collector.go:66.26,67.53 1 1
github.com/varunv/gpu/collector/collector.go:67.53,68.12 1 1
github.com/varunv/gpu/collector/collector.go:70.3,70.48 1 1
github.com/varunv/gpu/collector/collector.go:70.48,71.12 1 0
github.com/varunv/gpu/collector/collector.go:73.3,73.25 1 1
github.com/varunv/gpu/collector/collector.go:75.2,75.12 1 1
github.com/varunv/gpu/collector/collector.go:103.49,104.22 1 1
github.com/varunv/gpu/collector/collector.go:104.22,106.3 1 0
github.com/varunv/gpu/collector/collector.go:107.2,107.22 1 1
github.com/varunv/gpu/collector/collector.go:107.22,109.3 1 0
github.com/varunv/gpu/collector/collector.go:110.2,111.18 2 1
github.com/varunv/gpu/collector/collector.go:111.18,113.3 1 0
github.com/varunv/gpu/collector/collector.go:115.2,122.31 6 1
github.com/varunv/gpu/collector/collector.go:122.31,123.13 1 1
github.com/varunv/gpu/collector/collector.go:123.13,125.63 2 1
github.com/varunv/gpu/collector/collector.go:125.63,127.28 1 1
github.com/varunv/gpu/collector/collector.go:127.28,129.6 1 1
github.com/varunv/gpu/collector/collector.go:130.5,130.12 1 1
github.com/varunv/gpu/collector/collector.go:131.23,132.14 1 1
github.com/varunv/gpu/collector/collector.go:133.13,133.13 0 0
github.com/varunv/gpu/collector/collector.go:139.2,143.25 3 1
github.com/varunv/gpu/collector/collector.go:143.25,144.17 1 1
github.com/varunv/gpu/collector/collector.go:144.17,146.4 1 1
github.com/varunv/gpu/collector/collector.go:148.2,148.12 1 1
github.com/varunv/gpu/collector/collector.go:151.68,152.6 1 1
github.com/varunv/gpu/collector/collector.go:152.6,153.10 1 1
github.com/varunv/gpu/collector/collector.go:154.21,155.20 1 0
github.com/varunv/gpu/collector/collector.go:156.11,156.11 0 1
github.com/varunv/gpu/collector/collector.go:159.3,160.17 2 1
github.com/varunv/gpu/collector/collector.go:160.17,162.4 1 1
github.com/varunv/gpu/collector/collector.go:164.3,165.59 2 1
github.com/varunv/gpu/collector/collector.go:165.59,167.12 1 0
github.com/varunv/gpu/collector/collector.go:170.3,170.46 1 1
github.com/varunv/gpu/collector/collector.go:170.46,172.4 1 1
github.com/varunv/gpu/collector/postgres_store.go:39.50,41.2 1 1
github.com/varunv/gpu/collector/postgres_store.go:44.79,51.28 2 1
github.com/varunv/gpu/collector/postgres_store.go:51.28,53.3 1 0
github.com/varunv/gpu/collector/postgres_store.go:54.2,68.16 2 1
github.com/varunv/gpu/collector/postgres_store.go:68.16,70.3 1 0
github.com/varunv/gpu/collector/postgres_store.go:71.2,71.12 1 1
github.com/varunv/gpu/collector/postgres_store.go:75.54,78.16 3 1
github.com/varunv/gpu/collector/postgres_store.go:78.16,80.3 1 0
github.com/varunv/gpu/collector/postgres_store.go:81.2,84.18 3 1
github.com/varunv/gpu/collector/postgres_store.go:84.18,86.40 2 1
github.com/varunv/gpu/collector/postgres_store.go:86.40,88.4 1 0
github.com/varunv/gpu/collector/postgres_store.go:89.3,89.24 1 1
github.com/varunv/gpu/collector/postgres_store.go:91.2,91.35 1 1
github.com/varunv/gpu/collector/postgres_store.go:91.35,93.3 1 0
github.com/varunv/gpu/collector/postgres_store.go:94.2,94.17 1 1
github.com/varunv/gpu/collector/postgres_store.go:99.100,110.21 4 1
github.com/varunv/gpu/collector/postgres_store.go:110.21,114.3 3 0
github.com/varunv/gpu/collector/postgres_store.go:115.2,115.19 1 1
github.com/varunv/gpu/collector/postgres_store.go:115.19,119.3 3 0
github.com/varunv/gpu/collector/postgres_store.go:121.2,124.16 3 1
github.com/varunv/gpu/collector/postgres_store.go:124.16,126.3 1 0
github.com/varunv/gpu/collector/postgres_store.go:127.2,130.18 3 1
github.com/varunv/gpu/collector/postgres_store.go:130.18,145.17 2 1
github.com/varunv/gpu/collector/postgres_store.go:145.17,147.4 1 0
github.com/varunv/gpu/collector/postgres_store.go:148.3,148.25 1 1
github.com/varunv/gpu/collector/postgres_store.go:150.2,150.35 1 1
github.com/varunv/gpu/collector/postgres_store.go:150.35,152.3 1 0
github.com/varunv/gpu/collector/postgres_store.go:153.2,153.17 1 1
